0 info it worked if it ends with ok
1 verbose cli [ 'C:\\Program Files\\nodejs\\node.exe',
1 verbose cli   'C:\\Program Files\\nodejs\\node_modules\\npm\\bin\\npm-cli.js',
1 verbose cli   'start' ]
2 info using npm@3.10.10
3 info using node@v6.10.3
4 verbose run-script [ 'prestart', 'start', 'poststart' ]
5 info lifecycle go-backoffice-ui@0.1.0~prestart: go-backoffice-ui@0.1.0
6 silly lifecycle go-backoffice-ui@0.1.0~prestart: no script for prestart, continuing
7 info lifecycle go-backoffice-ui@0.1.0~start: go-backoffice-ui@0.1.0
8 verbose lifecycle go-backoffice-ui@0.1.0~start: unsafe-perm in lifecycle true
9 verbose lifecycle go-backoffice-ui@0.1.0~start: PATH: C:\Program Files\nodejs\node_modules\npm\bin\node-gyp-bin;C:\Users\GEM\Documents\CODE - TravelClever Go\GoBackofficeUI-GO-290\node_modules\.bin;C:\Users\GEM\bin;C:\Program Files\Git\mingw32\bin;C:\Program Files\Git\usr\local\bin;C:\Program Files\Git\usr\bin;C:\Program Files\Git\usr\bin;C:\Program Files\Git\mingw32\bin;C:\Program Files\Git\usr\bin;C:\Users\GEM\bin;C:\windows\system32;C:\windows;C:\windows\System32\Wbem;C:\windows\System32\WindowsPowerShell\v1.0;C:\Program Files\Hewlett-Packard\Drive Encryption;C:\Program Files\nodejs;C:\Program Files\Git\cmd;C:\Program Files\Skype\Phone;C:\Users\GEM\AppData\Roaming\npm;C:\Program Files\Git\usr\bin\vendor_perl;C:\Program Files\Git\usr\bin\core_perl
10 verbose lifecycle go-backoffice-ui@0.1.0~start: CWD: C:\Users\GEM\Documents\CODE - TravelClever Go\GoBackofficeUI-GO-290
11 silly lifecycle go-backoffice-ui@0.1.0~start: Args: [ '/d /s /c', 'react-scripts start' ]
12 silly lifecycle go-backoffice-ui@0.1.0~start: Returned: code: 1  signal: null
13 info lifecycle go-backoffice-ui@0.1.0~start: Failed to exec start script
14 verbose stack Error: go-backoffice-ui@0.1.0 start: `react-scripts start`
14 verbose stack Exit status 1
14 verbose stack     at EventEmitter.<anonymous> (C:\Program Files\nodejs\node_modules\npm\lib\utils\lifecycle.js:255:16)
14 verbose stack     at emitTwo (events.js:106:13)
14 verbose stack     at EventEmitter.emit (events.js:191:7)
14 verbose stack     at ChildProcess.<anonymous> (C:\Program Files\nodejs\node_modules\npm\lib\utils\spawn.js:40:14)
14 verbose stack     at emitTwo (events.js:106:13)
14 verbose stack     at ChildProcess.emit (events.js:191:7)
14 verbose stack     at maybeClose (internal/child_process.js:886:16)
14 verbose stack     at Process.ChildProcess._handle.onexit (internal/child_process.js:226:5)
15 verbose pkgid go-backoffice-ui@0.1.0
16 verbose cwd C:\Users\GEM\Documents\CODE - TravelClever Go\GoBackofficeUI-GO-290
17 error Windows_NT 6.1.7600
18 error argv "C:\\Program Files\\nodejs\\node.exe" "C:\\Program Files\\nodejs\\node_modules\\npm\\bin\\npm-cli.js" "start"
19 error node v6.10.3
20 error npm  v3.10.10
21 error code ELIFECYCLE
22 error go-backoffice-ui@0.1.0 start: `react-scripts start`
22 error Exit status 1
23 error Failed at the go-backoffice-ui@0.1.0 start script 'react-scripts start'.
23 error Make sure you have the latest version of node.js and npm installed.
23 error If you do, this is most likely a problem with the go-backoffice-ui package,
23 error not with npm itself.
23 error Tell the author that this fails on your system:
23 error     react-scripts start
23 error You can get information on how to open an issue for this project with:
23 error     npm bugs go-backoffice-ui
23 error Or if that isn't available, you can get their info via:
23 error     npm owner ls go-backoffice-ui
23 error There is likely additional logging output above.
24 verbose exit [ 1, true ]
